<?xml version="1.0" encoding="UTF-8"?>
<!-- Generated by org.testng.reporters.JUnitReportReporter -->
<testsuite hostname="Humaira" failures="0" tests="1" name="core.OpenBrowser" time="4.671" errors="0" timestamp="2023-06-18T18:59:26 EDT" skipped="0">
  <testcase classname="core.OpenBrowser" name="openUrl" time="4.671"/>
  <system-out/>
</testsuite> <!-- core.OpenBrowser -->
